<?xml version="1.0" encoding="UTF-8"?>
<!-- Generated by org.testng.reporters.JUnitReportReporter -->
<testsuite hostname="mayank05" failures="0" tests="1" name="steps.Base" time="38.769" errors="0" timestamp="2024-08-29T01:06:12 IST" skipped="0">
  <testcase classname="steps.Base" name="setup" time="38.769"/>
  <system-out/>
</testsuite> <!-- steps.Base -->
