<?xml version="1.0" encoding="UTF-8"?>
<!-- Generated by org.testng.reporters.JUnitReportReporter -->
<testsuite hostname="mayank05" failures="0" tests="1" name="steps.Homepagestep" time="0.979" errors="0" timestamp="2024-08-29T15:45:50 IST" skipped="0">
  <testcase classname="steps.Homepagestep" name="verifyText" time="0.979"/>
  <system-out/>
</testsuite> <!-- steps.Homepagestep -->
